<?xml version="1.0" encoding="UTF-8"?>
<!-- Generated by org.testng.reporters.JUnitReportReporter -->
<testsuite hostname="LAPTOP-1PM27EJ9" failures="0" tests="1" name="learnTestNG.headlessopertion" time="6.150" errors="0" timestamp="08 May 2023 14:27:09 GMT" skipped="0">
  <testcase classname="learnTestNG.headlessopertion" name="Headlesstesting" time="6.150"/>
</testsuite> <!-- learnTestNG.headlessopertion -->
