<?xml version="1.0" encoding="UTF-8"?>
<!-- Generated by org.testng.reporters.JUnitReportReporter -->
<testsuite hostname="LAPTOP-1PM27EJ9" failures="0" tests="1" name="learnTestNG.orangeHRMApp" time="4.800" errors="0" timestamp="22 Apr 2023 14:41:33 GMT" skipped="0">
  <testcase classname="learnTestNG.orangeHRMApp" name="loginHRM" time="4.800"/>
</testsuite> <!-- learnTestNG.orangeHRMApp -->
