<?xml version="1.0" encoding="UTF-8"?>
<!-- Generated by org.testng.reporters.JUnitReportReporter -->
<testsuite hostname="LAPTOP-1PM27EJ9" failures="0" tests="2" name="learnTestNG.organgeHRMDatadrivern" time="11.763" errors="0" timestamp="24 Apr 2023 20:15:17 GMT" skipped="0">
  <testcase classname="learnTestNG.organgeHRMDatadrivern" name="loginHRM" time="4.618"/>
  <testcase classname="learnTestNG.organgeHRMDatadrivern" name="loginHRM" time="7.145"/>
</testsuite> <!-- learnTestNG.organgeHRMDatadrivern -->
