<?xml version="1.0" encoding="UTF-8"?>
<!-- Generated by org.testng.reporters.JUnitReportReporter -->
<testsuite hostname="LAPTOP-1PM27EJ9" failures="0" tests="1" name="learnTestNG.javascriptExcution" time="7.573" errors="0" timestamp="24 Apr 2023 14:48:28 GMT" skipped="0">
  <testcase classname="learnTestNG.javascriptExcution" name="learnjavascriptmethod" time="7.573"/>
</testsuite> <!-- learnTestNG.javascriptExcution -->
