<?xml version="1.0" encoding="UTF-8"?>
<!-- Generated by org.testng.reporters.JUnitReportReporter -->
<testsuite hostname="LAPTOP-1PM27EJ9" failures="0" tests="2" name="learnTestNG.TestNGHira" time="0.007" errors="0" timestamp="22 Apr 2023 14:18:43 GMT" skipped="0">
  <testcase classname="learnTestNG.TestNGHira" name="testmethod02" time="0.003"/>
  <testcase classname="learnTestNG.TestNGHira" name="testmethod01" time="0.004"/>
</testsuite> <!-- learnTestNG.TestNGHira -->
