<?xml version="1.0" encoding="UTF-8"?>
<!-- Generated by org.testng.reporters.JUnitReportReporter -->
<testsuite hostname="LAPTOP-1PM27EJ9" failures="0" tests="1" name="learnTestNG.cssselector" time="5.621" errors="0" timestamp="08 May 2023 14:46:45 GMT" skipped="0">
  <testcase classname="learnTestNG.cssselector" name="CSSLocators" time="5.621"/>
</testsuite> <!-- learnTestNG.cssselector -->
