<?xml version="1.0" encoding="UTF-8"?>
<!-- Generated by org.testng.reporters.JUnitReportReporter -->
<testsuite hostname="LAPTOP-1PM27EJ9" failures="0" tests="1" name="learnTestNG.newtest" time="3.895" errors="0" timestamp="22 Apr 2023 13:43:41 GMT" skipped="0">
  <testcase classname="learnTestNG.newtest" name="samplemethod01" time="3.895"/>
</testsuite> <!-- learnTestNG.newtest -->
