<?xml version="1.0" encoding="UTF-8"?>
<!-- Generated by org.testng.reporters.JUnitReportReporter -->
<testsuite hostname="LAPTOP-1PM27EJ9" failures="0" tests="2" name="learnTestNG.LearnbrowserTwsting" time="17.607" errors="0" timestamp="09 May 2023 14:45:26 GMT" skipped="0">
  <testcase classname="learnTestNG.LearnbrowserTwsting" name="loginHRM" time="6.889"/>
  <testcase classname="learnTestNG.LearnbrowserTwsting" name="loginHRM" time="10.718"/>
</testsuite> <!-- learnTestNG.LearnbrowserTwsting -->
