<?xml version="1.0" encoding="UTF-8"?>
<!-- Generated by org.testng.reporters.JUnitReportReporter -->
<testsuite hostname="LAPTOP-1PM27EJ9" failures="0" tests="11" name="learnTestNG.TestNgpriority" time="0.035" errors="0" timestamp="22 Apr 2023 14:27:24 GMT" skipped="0">
  <testcase classname="learnTestNG.TestNgpriority" name="method0" time="0.003"/>
  <testcase classname="learnTestNG.TestNgpriority" name="Amethod2" time="0.015"/>
  <testcase classname="learnTestNG.TestNgpriority" name="method8" time="0.001"/>
  <testcase classname="learnTestNG.TestNgpriority" name="method0" time="0.001"/>
  <testcase classname="learnTestNG.TestNgpriority" name="method7" time="0.003"/>
  <testcase classname="learnTestNG.TestNgpriority" name="method0" time="0.004"/>
  <testcase classname="learnTestNG.TestNgpriority" name="method0" time="0.003"/>
  <testcase classname="learnTestNG.TestNgpriority" name="method9" time="0.001"/>
  <testcase classname="learnTestNG.TestNgpriority" name="amethod1" time="0.001"/>
  <testcase classname="learnTestNG.TestNgpriority" name="method6" time="0.002"/>
  <testcase classname="learnTestNG.TestNgpriority" name="method3" time="0.001"/>
</testsuite> <!-- learnTestNG.TestNgpriority -->
